# JRE version: Java(TM) SE Runtime Environment (21.0.6+8) (build 21.0.6+8-LTS-188)
# Java VM: Java HotSpot(TM) 64-Bit Server VM (21.0.6+8-LTS-188, mixed mode, sharing, tiered, compressed oops, compressed class ptrs, g1 gc, windows-amd64)
GC Precious Log:
 CardTable entry size: 512
 Card Set container configuration: InlinePtr #cards 5 size 8 Array Of Cards #cards 12 size 40 Howl #buckets 4 coarsen threshold 1843 Howl Bitmap #cards 512 size 80 coarsen threshold 460 Card regions per heap region 1 cards per card region 2048
 CPUs: 8 total, 8 available
 Memory: 14269M
 Large Page Support: Disabled
 NUMA Support: Disabled
 Compressed Oops: Enabled (32-bit)
 Heap Region Size: 1M
 Heap Min Capacity: 8M
 Heap Initial Capacity: 224M
 Heap Max Capacity: 2G
 Pre-touch: Disabled
 Parallel Workers: 8
 Concurrent Workers: 2
 Concurrent Refinement Workers: 8
 Periodic GC: Disabled
Heap:
 garbage-first heap   total 147456K, used 109663K [0x0000000080000000, 0x0000000100000000)
  region size 1024K, 32 young (32768K), 5 survivors (5120K)
 Metaspace       used 76980K, committed 79104K, reserved 1179648K
  class space    used 10639K, committed 11648K, reserved 1048576K
GC Heap History (20 events):
Event: 16.344 GC heap before
{Heap before GC invocations=13 (full 0):
 garbage-first heap   total 111616K, used 96025K [0x0000000080000000, 0x0000000100000000)
  region size 1024K, 56 young (57344K), 7 survivors (7168K)
 Metaspace       used 58990K, committed 60928K, reserved 1114112K
  class space    used 8244K, committed 9216K, reserved 1048576K
}
Event: 16.354 GC heap after
{Heap after GC invocations=14 (full 0):
 garbage-first heap   total 111616K, used 52150K [0x0000000080000000, 0x0000000100000000)
  region size 1024K, 7 young (7168K), 7 survivors (7168K)
 Metaspace       used 58990K, committed 60928K, reserved 1114112K
  class space    used 8244K, committed 9216K, reserved 1048576K
}
Event: 17.123 GC heap before
{Heap before GC invocations=14 (full 0):
 garbage-first heap   total 111616K, used 96182K [0x0000000080000000, 0x0000000100000000)
  region size 1024K, 51 young (52224K), 7 survivors (7168K)
 Metaspace       used 59439K, committed 61312K, reserved 1114112K
  class space    used 8270K, committed 9216K, reserved 1048576K
}
Event: 17.128 GC heap after
{Heap after GC invocations=15 (full 0):
 garbage-first heap   total 111616K, used 53677K [0x0000000080000000, 0x0000000100000000)
  region size 1024K, 4 young (4096K), 4 survivors (4096K)
 Metaspace       used 59439K, committed 61312K, reserved 1114112K
  class space    used 8270K, committed 9216K, reserved 1048576K
}
Event: 17.508 GC heap before
{Heap before GC invocations=15 (full 0):
 garbage-first heap   total 111616K, used 96685K [0x0000000080000000, 0x0000000100000000)
  region size 1024K, 47 young (48128K), 4 survivors (4096K)
 Metaspace       used 59517K, committed 61376K, reserved 1114112K
  class space    used 8270K, committed 9216K, reserved 1048576K
}
Event: 17.511 GC heap after
{Heap after GC invocations=16 (full 0):
 garbage-first heap   total 111616K, used 54385K [0x0000000080000000, 0x0000000100000000)
  region size 1024K, 4 young (4096K), 4 survivors (4096K)
 Metaspace       used 59517K, committed 61376K, reserved 1114112K
  class space    used 8270K, committed 9216K, reserved 1048576K
}
Event: 17.781 GC heap before
{Heap before GC invocations=16 (full 0):
 garbage-first heap   total 111616K, used 97393K [0x0000000080000000, 0x0000000100000000)
  region size 1024K, 47 young (48128K), 4 survivors (4096K)
 Metaspace       used 59524K, committed 61376K, reserved 1114112K
  class space    used 8270K, committed 9216K, reserved 1048576K
}
Event: 17.785 GC heap after
{Heap after GC invocations=17 (full 0):
 garbage-first heap   total 111616K, used 55001K [0x0000000080000000, 0x0000000100000000)
  region size 1024K, 4 young (4096K), 4 survivors (4096K)
 Metaspace       used 59524K, committed 61376K, reserved 1114112K
  class space    used 8270K, committed 9216K, reserved 1048576K
}
Event: 18.564 GC heap before
{Heap before GC invocations=18 (full 0):
 garbage-first heap   total 111616K, used 103129K [0x0000000080000000, 0x0000000100000000)
  region size 1024K, 47 young (48128K), 4 survivors (4096K)
 Metaspace       used 61782K, committed 63680K, reserved 1114112K
  class space    used 8550K, committed 9472K, reserved 1048576K
}
Event: 18.569 GC heap after
{Heap after GC invocations=19 (full 0):
 garbage-first heap   total 114688K, used 66130K [0x0000000080000000, 0x0000000100000000)
  region size 1024K, 6 young (6144K), 6 survivors (6144K)
 Metaspace       used 61782K, committed 63680K, reserved 1114112K
  class space    used 8550K, committed 9472K, reserved 1048576K
}
Event: 19.280 GC heap before
{Heap before GC invocations=19 (full 0):
 garbage-first heap   total 114688K, used 100946K [0x0000000080000000, 0x0000000100000000)
  region size 1024K, 40 young (40960K), 6 survivors (6144K)
 Metaspace       used 65023K, committed 66944K, reserved 1114112K
  class space    used 8913K, committed 9856K, reserved 1048576K
}
Event: 19.284 GC heap after
{Heap after GC invocations=20 (full 0):
 garbage-first heap   total 114688K, used 67101K [0x0000000080000000, 0x0000000100000000)
  region size 1024K, 2 young (2048K), 2 survivors (2048K)
 Metaspace       used 65023K, committed 66944K, reserved 1114112K
  class space    used 8913K, committed 9856K, reserved 1048576K
}
Event: 19.763 GC heap before
{Heap before GC invocations=20 (full 0):
 garbage-first heap   total 114688K, used 90653K [0x0000000080000000, 0x0000000100000000)
  region size 1024K, 27 young (27648K), 2 survivors (2048K)
 Metaspace       used 67236K, committed 69312K, reserved 1114112K
  class space    used 9278K, committed 10304K, reserved 1048576K
}
Event: 19.767 GC heap after
{Heap after GC invocations=21 (full 0):
 garbage-first heap   total 114688K, used 68488K [0x0000000080000000, 0x0000000100000000)
  region size 1024K, 3 young (3072K), 3 survivors (3072K)
 Metaspace       used 67236K, committed 69312K, reserved 1114112K
  class space    used 9278K, committed 10304K, reserved 1048576K
}
Event: 20.280 GC heap before
{Heap before GC invocations=22 (full 0):
 garbage-first heap   total 147456K, used 109448K [0x0000000080000000, 0x0000000100000000)
  region size 1024K, 36 young (36864K), 3 survivors (3072K)
 Metaspace       used 68631K, committed 70656K, reserved 1114112K
  class space    used 9474K, committed 10496K, reserved 1048576K
}
Event: 20.286 GC heap after
{Heap after GC invocations=23 (full 0):
 garbage-first heap   total 147456K, used 75060K [0x0000000080000000, 0x0000000100000000)
  region size 1024K, 5 young (5120K), 5 survivors (5120K)
 Metaspace       used 68631K, committed 70656K, reserved 1114112K
  class space    used 9474K, committed 10496K, reserved 1048576K
}
Event: 21.414 GC heap before
{Heap before GC invocations=23 (full 0):
 garbage-first heap   total 147456K, used 129332K [0x0000000080000000, 0x0000000100000000)
  region size 1024K, 58 young (59392K), 5 survivors (5120K)
 Metaspace       used 72029K, committed 74048K, reserved 1114112K
  class space    used 9903K, committed 10944K, reserved 1048576K
}
Event: 21.422 GC heap after
{Heap after GC invocations=24 (full 0):
 garbage-first heap   total 147456K, used 79650K [0x0000000080000000, 0x0000000100000000)
  region size 1024K, 8 young (8192K), 8 survivors (8192K)
 Metaspace       used 72029K, committed 74048K, reserved 1114112K
  class space    used 9903K, committed 10944K, reserved 1048576K
}
Event: 22.410 GC heap before
{Heap before GC invocations=24 (full 0):
 garbage-first heap   total 147456K, used 129826K [0x0000000080000000, 0x0000000100000000)
  region size 1024K, 58 young (59392K), 8 survivors (8192K)
 Metaspace       used 75000K, committed 77056K, reserved 1179648K
  class space    used 10305K, committed 11328K, reserved 1048576K
}
Event: 22.416 GC heap after
{Heap after GC invocations=25 (full 0):
 garbage-first heap   total 147456K, used 82015K [0x0000000080000000, 0x0000000100000000)
  region size 1024K, 5 young (5120K), 5 survivors (5120K)
 Metaspace       used 75000K, committed 77056K, reserved 1179648K
  class space    used 10305K, committed 11328K, reserved 1048576K
}

